Determining if the pthread_create exist failed with the following output:
Change Dir: /home/paddy/pkg/dune_2d/dune-grid/build-cmake/CMakeFiles/CMakeTmp

Run Build Command:"/usr/bin/make" "cmTC_bb3b4/fast"
/usr/bin/make -f CMakeFiles/cmTC_bb3b4.dir/build.make CMakeFiles/cmTC_bb3b4.dir/build
make[1]: Entering directory '/home/paddy/pkg/dune_2d/dune-grid/build-cmake/CMakeFiles/CMakeTmp'
Building C object CMakeFiles/cmTC_bb3b4.dir/CheckSymbolExists.c.o
/usr/bin/gcc   -fPIE   -o CMakeFiles/cmTC_bb3b4.dir/CheckSymbolExists.c.o   -c /home/paddy/pkg/dune_2d/dune-grid/build-cmake/CMakeFiles/CMakeTmp/CheckSymbolExists.c
Linking C executable cmTC_bb3b4
/usr/bin/cmake -E cmake_link_script CMakeFiles/cmTC_bb3b4.dir/link.txt --verbose=1
/usr/bin/gcc      -rdynamic CMakeFiles/cmTC_bb3b4.dir/CheckSymbolExists.c.o  -o cmTC_bb3b4 
CMakeFiles/cmTC_bb3b4.dir/CheckSymbolExists.c.o: In function `main':
CheckSymbolExists.c:(.text+0x1b): undefined reference to `pthread_create'
collect2: error: ld returned 1 exit status
CMakeFiles/cmTC_bb3b4.dir/build.make:86: recipe for target 'cmTC_bb3b4' failed
make[1]: *** [cmTC_bb3b4] Error 1
make[1]: Leaving directory '/home/paddy/pkg/dune_2d/dune-grid/build-cmake/CMakeFiles/CMakeTmp'
Makefile:121: recipe for target 'cmTC_bb3b4/fast' failed
make: *** [cmTC_bb3b4/fast] Error 2

File /home/paddy/pkg/dune_2d/dune-grid/build-cmake/CMakeFiles/CMakeTmp/CheckSymbolExists.c:
/* */
#include <pthread.h>

int main(int argc, char** argv)
{
  (void)argv;
#ifndef pthread_create
  return ((int*)(&pthread_create))[argc];
#else
  (void)argc;
  return 0;
#endif
}

Determining if the Fortran sgemm exists failed with the following output:
Change Dir: /home/paddy/pkg/dune_2d/dune-grid/build-cmake/CMakeFiles/CMakeTmp

Run Build Command:"/usr/bin/make" "cmTC_b6f3c/fast"
/usr/bin/make -f CMakeFiles/cmTC_b6f3c.dir/build.make CMakeFiles/cmTC_b6f3c.dir/build
make[1]: Entering directory '/home/paddy/pkg/dune_2d/dune-grid/build-cmake/CMakeFiles/CMakeTmp'
Building Fortran object CMakeFiles/cmTC_b6f3c.dir/testFortranCompiler.f.o
/usr/bin/gfortran   -O3 -DNDEBUG -O3 -fPIE   -c /home/paddy/pkg/dune_2d/dune-grid/build-cmake/CMakeFiles/CMakeTmp/testFortranCompiler.f -o CMakeFiles/cmTC_b6f3c.dir/testFortranCompiler.f.o
Linking Fortran executable cmTC_b6f3c
/usr/bin/cmake -E cmake_link_script CMakeFiles/cmTC_b6f3c.dir/link.txt --verbose=1
/usr/bin/gfortran      -O3 -DNDEBUG -O3 CMakeFiles/cmTC_b6f3c.dir/testFortranCompiler.f.o  -o cmTC_b6f3c 
CMakeFiles/cmTC_b6f3c.dir/testFortranCompiler.f.o: In function `main':
testFortranCompiler.f:(.text.startup+0x1d): undefined reference to `sgemm_'
collect2: error: ld returned 1 exit status
CMakeFiles/cmTC_b6f3c.dir/build.make:86: recipe for target 'cmTC_b6f3c' failed
make[1]: *** [cmTC_b6f3c] Error 1
make[1]: Leaving directory '/home/paddy/pkg/dune_2d/dune-grid/build-cmake/CMakeFiles/CMakeTmp'
Makefile:121: recipe for target 'cmTC_b6f3c/fast' failed
make: *** [cmTC_b6f3c/fast] Error 2


Performing C++ SOURCE FILE Test TBB_COMPILE_TEST failed with the following output:
Change Dir: /home/paddy/pkg/dune_2d/dune-grid/build-cmake/CMakeFiles/CMakeTmp

Run Build Command:"/usr/bin/make" "cmTC_7df85/fast"
/usr/bin/make -f CMakeFiles/cmTC_7df85.dir/build.make CMakeFiles/cmTC_7df85.dir/build
make[1]: Entering directory '/home/paddy/pkg/dune_2d/dune-grid/build-cmake/CMakeFiles/CMakeTmp'
Building CXX object CMakeFiles/cmTC_7df85.dir/src.cxx.o
/usr/bin/g++  -D_TBB_CPP0X  -std=c++17  -Wall -Wunused -Wmissing-include-dirs -Wcast-align -Wno-sign-compare -Wno-unused-parameter -Wno-deprecated-declarations -fno-strict-aliasing -fstrict-overflow -fno-finite-math-only -fopenmp -O3 -std=c++17 -L/opt/intel/compilers_and_libraries_2018.3.222/linux/mkl/lib/intel64 -lgmp -lmpfr -march=native -lmkl_rt -lpthread -lm -ldl -m64 -lstdc++fs -DTBB_COMPILE_TEST -O3 -DNDEBUG -fPIE   -o CMakeFiles/cmTC_7df85.dir/src.cxx.o -c /home/paddy/pkg/dune_2d/dune-grid/build-cmake/CMakeFiles/CMakeTmp/src.cxx
/home/paddy/pkg/dune_2d/dune-grid/build-cmake/CMakeFiles/CMakeTmp/src.cxx:2:10: fatal error: tbb/tbb.h: Datei oder Verzeichnis nicht gefunden
 #include <tbb/tbb.h>
          ^~~~~~~~~~~
compilation terminated.
CMakeFiles/cmTC_7df85.dir/build.make:65: recipe for target 'CMakeFiles/cmTC_7df85.dir/src.cxx.o' failed
make[1]: *** [CMakeFiles/cmTC_7df85.dir/src.cxx.o] Error 1
make[1]: Leaving directory '/home/paddy/pkg/dune_2d/dune-grid/build-cmake/CMakeFiles/CMakeTmp'
Makefile:121: recipe for target 'cmTC_7df85/fast' failed
make: *** [cmTC_7df85/fast] Error 2

Source file was:

#include <tbb/tbb.h>
#include <numeric>

int main()
{
  int x[10] = {0};
  tbb::parallel_for(0,10,[&](int i){ x[i] = i; });
  return !(std::accumulate(x,x+10,0) == (9*10)/2);
}

Determining if the include file metis.h exists failed with the following output:
Change Dir: /home/paddy/pkg/dune_2d/dune-grid/build-cmake/CMakeFiles/CMakeTmp

Run Build Command:"/usr/bin/make" "cmTC_ea9b5/fast"
/usr/bin/make -f CMakeFiles/cmTC_ea9b5.dir/build.make CMakeFiles/cmTC_ea9b5.dir/build
make[1]: Entering directory '/home/paddy/pkg/dune_2d/dune-grid/build-cmake/CMakeFiles/CMakeTmp'
Building C object CMakeFiles/cmTC_ea9b5.dir/CheckIncludeFile.c.o
/usr/bin/gcc   -O3 -DNDEBUG -fPIE   -o CMakeFiles/cmTC_ea9b5.dir/CheckIncludeFile.c.o   -c /home/paddy/pkg/dune_2d/dune-grid/build-cmake/CMakeFiles/CMakeTmp/CheckIncludeFile.c
/home/paddy/pkg/dune_2d/dune-grid/build-cmake/CMakeFiles/CMakeTmp/CheckIncludeFile.c:1:10: fatal error: metis.h: Datei oder Verzeichnis nicht gefunden
 #include <metis.h>
          ^~~~~~~~~
compilation terminated.
CMakeFiles/cmTC_ea9b5.dir/build.make:65: recipe for target 'CMakeFiles/cmTC_ea9b5.dir/CheckIncludeFile.c.o' failed
make[1]: *** [CMakeFiles/cmTC_ea9b5.dir/CheckIncludeFile.c.o] Error 1
make[1]: Leaving directory '/home/paddy/pkg/dune_2d/dune-grid/build-cmake/CMakeFiles/CMakeTmp'
Makefile:121: recipe for target 'cmTC_ea9b5/fast' failed
make: *** [cmTC_ea9b5/fast] Error 2


Determing location of METIS failed:
Include directory: 
Library directory: 

Determining if the include file parmetis.h exists failed with the following output:
Change Dir: /home/paddy/pkg/dune_2d/dune-grid/build-cmake/CMakeFiles/CMakeTmp

Run Build Command:"/usr/bin/make" "cmTC_3c937/fast"
/usr/bin/make -f CMakeFiles/cmTC_3c937.dir/build.make CMakeFiles/cmTC_3c937.dir/build
make[1]: Entering directory '/home/paddy/pkg/dune_2d/dune-grid/build-cmake/CMakeFiles/CMakeTmp'
Building C object CMakeFiles/cmTC_3c937.dir/CheckIncludeFile.c.o
/usr/bin/gcc   -O3 -DNDEBUG -fPIE   -o CMakeFiles/cmTC_3c937.dir/CheckIncludeFile.c.o   -c /home/paddy/pkg/dune_2d/dune-grid/build-cmake/CMakeFiles/CMakeTmp/CheckIncludeFile.c
/home/paddy/pkg/dune_2d/dune-grid/build-cmake/CMakeFiles/CMakeTmp/CheckIncludeFile.c:1:10: fatal error: parmetis.h: Datei oder Verzeichnis nicht gefunden
 #include <parmetis.h>
          ^~~~~~~~~~~~
compilation terminated.
CMakeFiles/cmTC_3c937.dir/build.make:65: recipe for target 'CMakeFiles/cmTC_3c937.dir/CheckIncludeFile.c.o' failed
make[1]: *** [CMakeFiles/cmTC_3c937.dir/CheckIncludeFile.c.o] Error 1
make[1]: Leaving directory '/home/paddy/pkg/dune_2d/dune-grid/build-cmake/CMakeFiles/CMakeTmp'
Makefile:121: recipe for target 'cmTC_3c937/fast' failed
make: *** [cmTC_3c937/fast] Error 2


Determing location of ParMETIS failed:
Include directory: PARMETIS_INCLUDE_DIR-NOTFOUND
ParMETIS library directory: ParMETIS_LIBRARY-NOTFOUND
Header metis.h: FALSE

Determining location of psurface failed:
Include directory: 
Library directory: 

Determing location of METIS failed:
Include directory: 
Library directory: 

Determing location of ParMETIS failed:
Include directory: PARMETIS_INCLUDE_DIR-NOTFOUND
ParMETIS library directory: ParMETIS_LIBRARY-NOTFOUND
Header metis.h: FALSE

Determining location of psurface failed:
Include directory: 
Library directory: 

